0.01 0.937424 -0.000396699
0.02 0.919578 -0.000793095
0.03 0.902072 -0.00118869
0.04 0.884906 -0.00158296
0.05 0.868082 -0.00197532
0.06 0.8516 -0.00236516
0.07 0.835461 -0.00275181
0.08 0.819666 -0.00313457
0.09 0.804216 -0.00351267
0.1 0.789112 -0.00388532
0.11 0.774354 -0.00425165
0.12 0.759943 -0.00461076
0.13 0.74588 -0.00496168
0.14 0.732166 -0.0053034
0.15 0.718802 -0.00563486
0.16 0.705789 -0.00595492
0.17 0.693127 -0.00626242
0.18 0.680817 -0.00655614
0.19 0.668861 -0.0068348
0.2 0.657259 -0.00709707
0.21 0.646012 -0.0073416
0.22 0.63512 -0.00756697
0.23 0.624586 -0.00777175
0.24 0.614408 -0.00795446
0.25 0.60459 -0.00811361
0.26 0.59513 -0.00824769
0.27 0.586031 -0.00835517
0.28 0.577293 -0.00843455
0.29 0.568916 -0.00848431
0.3 0.560903 -0.00850296
0.31 0.553253 -0.00848906
0.32 0.545967 -0.0084412
0.33 0.539047 -0.00835803
0.34 0.532494 -0.00823829
0.35 0.526307 -0.00808079
0.36 0.520489 -0.00788445
0.37 0.51504 -0.00764831
0.38 0.509961 -0.00737153
0.39 0.505252 -0.00705344
0.4 0.500915 -0.00669351
0.41 0.496951 -0.00629138
0.42 0.493361 -0.00584687
0.43 0.490144 -0.00536
0.44 0.487304 -0.004831
0.45 0.484839 -0.00426028
0.46 0.482751 -0.00364847
0.47 0.481042 -0.00299641
0.48 0.479712 -0.00230514
0.49 0.478761 -0.00157593
0.5 0.478192 -0.000810222
0.51 0.478004 -9.65295e-06
0.52 0.478199 0.000823958
0.53 0.478777 0.00168863
0.54 0.47974 0.00258223
0.55 0.481089 0.00350249
0.56 0.482824 0.00444704
0.57 0.484947 0.0054134
0.58 0.487457 0.00639905
0.59 0.490357 0.00740138
0.6 0.493648 0.00841777
0.61 0.497329 0.0094456
0.62 0.501402 0.0104822
0.63 0.505869 0.0115251
0.64 0.51073 0.0125716
0.65 0.515985 0.0136194
0.66 0.521637 0.014666
0.67 0.527685 0.0157092
0.68 0.534132 0.0167467
0.69 0.540977 0.0177765
0.7 0.548222 0.0187966
0.71 0.555867 0.0198053
0.72 0.563915 0.0208009
0.73 0.572365 0.0217819
0.74 0.581219 0.0227468
0.75 0.590478 0.0236945
0.76 0.600142 0.0246237
0.77 0.610213 0.0255336
0.78 0.620692 0.0264233
0.79 0.631579 0.0272921
0.8 0.642876 0.0281394
0.81 0.654583 0.0289648
0.82 0.666703 0.0297678
0.83 0.679235 0.0305482
0.84 0.69218 0.0313058
0.85 0.70554 0.0320406
0.86 0.719316 0.0327525
0.87 0.733508 0.0334416
0.88 0.748118 0.0341081
0.89 0.763147 0.0347522
0.9 0.778596 0.0353741
0.91 0.794465 0.035974
0.92 0.810756 0.0365525
0.93 0.82747 0.0371098
0.94 0.844608 0.0376463
0.95 0.86217 0.0381626
0.96 0.880158 0.038659
0.97 0.898574 0.039136
0.98 0.917417 0.0395941
0.99 0.936689 0.0400338
1 0.956391 0.0404557
